<?xml version="1.0" encoding="UTF-8" ?>
<testsuite tests="1" failures="0" name="co.approbe.award.LambdaFunctionHandlerTest" time="0.647" errors="1" skipped="0">
  <properties>
[...]
</properties>
  <testcase classname="co.approbe.award.LambdaFunctionHandlerTest" name="co.approbe.award.LambdaFunctionHandlerTest" time="0.647">
    <error message="
Mockito cannot mock this class: interface com.amazonaws.services.s3.AmazonS3.

Mockito can only mock non-private &amp; non-final classes.
If you&apos;re not sure why you&apos;re getting this error, please report to the mailing list.


Java               : 16
JVM vendor name    : Oracle Corporation
JVM vendor version : 16.0.2+7-67
JVM name           : OpenJDK 64-Bit Server VM
JVM version        : 16.0.2+7-67
JVM info           : mixed mode
OS name            : Windows 10
OS version         : 10.0


Underlying exception : java.lang.UnsupportedOperationException: Cannot define class using reflection" type="org.mockito.exceptions.base.MockitoException">org.mockito.exceptions.base.MockitoException: 
Mockito cannot mock this class: interface com.amazonaws.services.s3.AmazonS3.

Mockito can only mock non-private &amp; non-final classes.
If you&apos;re not sure why you&apos;re getting this error, please report to the mailing list.


Java               : 16
JVM vendor name    : Oracle Corporation
JVM vendor version : 16.0.2+7-67
JVM name           : OpenJDK 64-Bit Server VM
JVM version        : 16.0.2+7-67
JVM info           : mixed mode
OS name            : Windows 10
OS version         : 10.0


Underlying exception : java.lang.UnsupportedOperationException: Cannot define class using reflection
	at org.mockito.internal.runners.DefaultInternalRunner$1.withBefores(DefaultInternalRunner.java:38)
	at org.junit.runners.BlockJUnit4ClassRunner.methodBlock(BlockJUnit4ClassRunner.java:276)
	at org.junit.runners.BlockJUnit4ClassRunner.runChild(BlockJUnit4ClassRunner.java:78)
	at org.junit.runners.BlockJUnit4ClassRunner.runChild(BlockJUnit4ClassRunner.java:57)
	at org.junit.runners.ParentRunner$3.run(ParentRunner.java:290)
	at org.junit.runners.ParentRunner$1.schedule(ParentRunner.java:71)
	at org.junit.runners.ParentRunner.runChildren(ParentRunner.java:288)
	at org.junit.runners.ParentRunner.access$000(ParentRunner.java:58)
	at org.junit.runners.ParentRunner$2.evaluate(ParentRunner.java:268)
	at org.junit.runners.ParentRunner.run(ParentRunner.java:363)
	at org.mockito.internal.runners.DefaultInternalRunner$1.run(DefaultInternalRunner.java:68)
	at org.mockito.internal.runners.DefaultInternalRunner.run(DefaultInternalRunner.java:74)
	at org.mockito.internal.runners.StrictRunner.run(StrictRunner.java:39)
	at org.mockito.junit.MockitoJUnitRunner.run(MockitoJUnitRunner.java:161)
	at org.apache.maven.surefire.junit4.JUnit4Provider.execute(JUnit4Provider.java:252)
	at org.apache.maven.surefire.junit4.JUnit4Provider.executeTestSet(JUnit4Provider.java:141)
	at org.apache.maven.surefire.junit4.JUnit4Provider.invoke(JUnit4Provider.java:112)
	at java.base/jdk.internal.reflect.NativeMethodAccessorImpl.invoke0(Native Method)
	at java.base/jdk.internal.reflect.NativeMethodAccessorImpl.invoke(NativeMethodAccessorImpl.java:78)
	at java.base/jdk.internal.reflect.DelegatingMethodAccessorImpl.invoke(DelegatingMethodAccessorImpl.java:43)
	at java.base/java.lang.reflect.Method.invoke(Method.java:567)
	at org.apache.maven.surefire.util.ReflectionUtils.invokeMethodWithArray(ReflectionUtils.java:189)
	at org.apache.maven.surefire.booter.ProviderFactory$ProviderProxy.invoke(ProviderFactory.java:165)
	at org.apache.maven.surefire.booter.ProviderFactory.invokeProvider(ProviderFactory.java:85)
	at org.apache.maven.surefire.booter.ForkedBooter.runSuitesInProcess(ForkedBooter.java:115)
	at org.apache.maven.surefire.booter.ForkedBooter.main(ForkedBooter.java:75)
Caused by: java.lang.UnsupportedOperationException: Cannot define class using reflection
	at net.bytebuddy.dynamic.loading.ClassInjector$UsingReflection$Dispatcher$Unavailable.defineClass(ClassInjector.java:821)
	at net.bytebuddy.dynamic.loading.ClassInjector$UsingReflection.inject(ClassInjector.java:185)
	at net.bytebuddy.dynamic.loading.ClassLoadingStrategy$Default$InjectionDispatcher.load(ClassLoadingStrategy.java:187)
	at net.bytebuddy.dynamic.TypeResolutionStrategy$Passive.initialize(TypeResolutionStrategy.java:79)
	at net.bytebuddy.dynamic.DynamicType$Default$Unloaded.load(DynamicType.java:4376)
	at org.mockito.internal.creation.bytebuddy.SubclassBytecodeGenerator.mockClass(SubclassBytecodeGenerator.java:94)
	at org.mockito.internal.creation.bytebuddy.TypeCachingBytecodeGenerator$1.call(TypeCachingBytecodeGenerator.java:37)
	at org.mockito.internal.creation.bytebuddy.TypeCachingBytecodeGenerator$1.call(TypeCachingBytecodeGenerator.java:34)
	at net.bytebuddy.TypeCache.findOrInsert(TypeCache.java:138)
	at net.bytebuddy.TypeCache$WithInlineExpunction.findOrInsert(TypeCache.java:346)
	at net.bytebuddy.TypeCache.findOrInsert(TypeCache.java:161)
	at net.bytebuddy.TypeCache$WithInlineExpunction.findOrInsert(TypeCache.java:355)
	at org.mockito.internal.creation.bytebuddy.TypeCachingBytecodeGenerator.mockClass(TypeCachingBytecodeGenerator.java:32)
	at org.mockito.internal.creation.bytebuddy.SubclassByteBuddyMockMaker.createMockType(SubclassByteBuddyMockMaker.java:71)
	at org.mockito.internal.creation.bytebuddy.SubclassByteBuddyMockMaker.createMock(SubclassByteBuddyMockMaker.java:42)
	at org.mockito.internal.creation.bytebuddy.ByteBuddyMockMaker.createMock(ByteBuddyMockMaker.java:25)
	at org.mockito.internal.util.MockUtil.createMock(MockUtil.java:35)
	at org.mockito.internal.MockitoCore.mock(MockitoCore.java:63)
	at org.mockito.Mockito.mock(Mockito.java:1729)
	at org.mockito.internal.configuration.MockAnnotationProcessor.process(MockAnnotationProcessor.java:33)
	at org.mockito.internal.configuration.MockAnnotationProcessor.process(MockAnnotationProcessor.java:16)
	at org.mockito.internal.configuration.IndependentAnnotationEngine.createMockFor(IndependentAnnotationEngine.java:38)
	at org.mockito.internal.configuration.IndependentAnnotationEngine.process(IndependentAnnotationEngine.java:62)
	at org.mockito.internal.configuration.InjectingAnnotationEngine.processIndependentAnnotations(InjectingAnnotationEngine.java:57)
	at org.mockito.internal.configuration.InjectingAnnotationEngine.process(InjectingAnnotationEngine.java:41)
	at org.mockito.MockitoAnnotations.initMocks(MockitoAnnotations.java:69)
	... 26 more
Caused by: java.lang.IllegalArgumentException: Unknown Java version: 16
	at net.bytebuddy.ClassFileVersion.ofJavaVersion(ClassFileVersion.java:135)
	at net.bytebuddy.ClassFileVersion$VersionLocator$ForJava9CapableVm.locate(ClassFileVersion.java:337)
	at net.bytebuddy.ClassFileVersion.ofThisVm(ClassFileVersion.java:147)
	at net.bytebuddy.dynamic.loading.ClassInjector$UsingReflection$Dispatcher$CreationAction.run(ClassInjector.java:301)
	at net.bytebuddy.dynamic.loading.ClassInjector$UsingReflection$Dispatcher$CreationAction.run(ClassInjector.java:290)
	at java.base/java.security.AccessController.doPrivileged(AccessController.java:312)
	at net.bytebuddy.dynamic.loading.ClassInjector$UsingReflection.&lt;clinit&gt;(ClassInjector.java:70)
	at net.bytebuddy.dynamic.loading.ClassLoadingStrategy$Default$InjectionDispatcher.load(ClassLoadingStrategy.java:184)
	... 49 more
</error>
  </testcase>
</testsuite>